<?xml version="1.0" encoding="UTF-8"?>
<?xml-stylesheet type="text/xsl" href="ivy-report.xsl"?>
<ivy-report version="1.0">
	<info
		organisation="default"
		module="u74_opt_in-build"
		revision="0.1-SNAPSHOT"
		extra-scalaVersion="2.12"
		extra-sbtVersion="1.0"
		conf="test"
		confs="compile, runtime, test, provided, optional, compile-internal, runtime-internal, test-internal, plugin, pom, scala-tool"
		date="20171109160827"/>
	<dependencies>
		<module organisation="com.eed3si9n" name="sbt-assembly">
			<revision name="0.13.16" error="Resolution failed several times for dependency: com.eed3si9n#sbt-assembly;0.13.16 {compile=[default(compile)]}:: 
	typesafe-ivy-releases: unable to get resource for com.eed3si9n#sbt-assembly;0.13.16: res=https://repo.typesafe.com/typesafe/ivy-releases/com.eed3si9n/sbt-assembly/scala_2.12/sbt_1.0/0.13.16/ivys/ivy.xml: javax.net.ssl.SSLHandshakeException: sun.security.validator.ValidatorException: PKIX path building failed: sun.security.provider.certpath.SunCertPathBuilderException: unable to find valid certification path to requested target
	sbt-plugin-releases: unable to get resource for com.eed3si9n#sbt-assembly;0.13.16: res=https://repo.scala-sbt.org/scalasbt/sbt-plugin-releases/com.eed3si9n/sbt-assembly/scala_2.12/sbt_1.0/0.13.16/ivys/ivy.xml: javax.net.ssl.SSLHandshakeException: sun.security.validator.ValidatorException: PKIX path building failed: sun.security.provider.certpath.SunCertPathBuilderException: unable to find valid certification path to requested target
	public: unable to get resource for com/eed3si9n#sbt-assembly;0.13.16: res=https://repo1.maven.org/maven2/com/eed3si9n/sbt-assembly_2.12_1.0/0.13.16/sbt-assembly-0.13.16.pom: javax.net.ssl.SSLHandshakeException: sun.security.validator.ValidatorException: PKIX path building failed: sun.security.provider.certpath.SunCertPathBuilderException: unable to find valid certification path to requested target
" extra-scalaVersion="2.12" extra-sbtVersion="1.0" downloaded="false" searched="false" conf="default(compile)" position="-1">
				<caller organisation="default" name="u74_opt_in-build" conf="test, compile, runtime" rev="0.13.16" rev-constraint-default="0.13.16" rev-constraint-dynamic="0.13.16" callerrev="0.1-SNAPSHOT" extra-scalaVersion="2.12" extra-sbtVersion="1.0"/>
				<artifacts>
				</artifacts>
			</revision>
		</module>
	</dependencies>
</ivy-report>
